  Compiling CUDA source file kernel.cu...
  
  C:\Users\jmccon4\source\repos\lab1\lab1>"C:\Program Files\NVIDIA GPU Computing Toolkit\CUDA\v10.1\bin\nvcc.exe" -gencode=arch=compute_35,code=\"sm_35,compute_35\" --use-local-env -ccbin "C:\Program Files (x86)\Microsoft Visual Studio\2019\Community\VC\Tools\MSVC\14.22.27905\bin\HostX86\x64" -x cu  -I"C:\Program Files\NVIDIA GPU Computing Toolkit\CUDA\v10.1\include" -I"C:\Program Files\NVIDIA GPU Computing Toolkit\CUDA\v10.1\include"  -G   --keep-dir x64\Debug -maxrregcount=0  --machine 64 --compile -cudart static  -g   -DWIN32 -DWIN64 -D_DEBUG -D_CONSOLE -D_MBCS -Xcompiler "/EHsc /W3 /nologo /Od /Fdx64\Debug\vc142.pdb /FS /Zi /RTC1 /MDd " -o x64\Debug\kernel.cu.obj "C:\Users\jmccon4\source\repos\lab1\lab1\kernel.cu" 
C:/Users/jmccon4/source/repos/lab1/lab1/kernel.cu(28): warning : variable "value" was set but never used
  
C:/Users/jmccon4/source/repos/lab1/lab1/kernel.cu(87): warning : variable "value" was declared but never referenced
  
C:/Users/jmccon4/source/repos/lab1/lab1/kernel.cu(126): warning : conversion from a string literal to "char *" is deprecated
  
C:/Users/jmccon4/source/repos/lab1/lab1/kernel.cu(82): error : calling a __host__ function("lodepng_decode32_file") from a __global__ function("threadProcess") is not allowed
  
C:/Users/jmccon4/source/repos/lab1/lab1/kernel.cu(82): error : identifier "lodepng_decode32_file" is undefined in device code
  
C:/Users/jmccon4/source/repos/lab1/lab1/kernel.cu(83): error : calling a __host__ function("lodepng_error_text") from a __global__ function("threadProcess") is not allowed
  
C:/Users/jmccon4/source/repos/lab1/lab1/kernel.cu(83): error : identifier "lodepng_error_text" is undefined in device code
  
C:/Users/jmccon4/source/repos/lab1/lab1/kernel.cu(100): error : calling a __host__ function("rectify") from a __global__ function("threadProcess") is not allowed
  
C:/Users/jmccon4/source/repos/lab1/lab1/kernel.cu(100): error : identifier "rectify" is undefined in device code
  
C:/Users/jmccon4/source/repos/lab1/lab1/kernel.cu(101): error : calling a __host__ function("rectify") from a __global__ function("threadProcess") is not allowed
  
C:/Users/jmccon4/source/repos/lab1/lab1/kernel.cu(101): error : identifier "rectify" is undefined in device code
  
C:/Users/jmccon4/source/repos/lab1/lab1/kernel.cu(102): error : calling a __host__ function("rectify") from a __global__ function("threadProcess") is not allowed
  
C:/Users/jmccon4/source/repos/lab1/lab1/kernel.cu(102): error : identifier "rectify" is undefined in device code
  
C:/Users/jmccon4/source/repos/lab1/lab1/kernel.cu(107): error : calling a __host__ function("lodepng_encode32_file") from a __global__ function("threadProcess") is not allowed
  
C:/Users/jmccon4/source/repos/lab1/lab1/kernel.cu(107): error : identifier "lodepng_encode32_file" is undefined in device code
  
  12 errors detected in the compilation of "C:/Users/jmccon4/AppData/Local/Temp/tmpxft_00000478_00000000-7_kernel.cpp1.ii".
  kernel.cu
C:\Program Files (x86)\Microsoft Visual Studio\2019\Community\MSBuild\Microsoft\VC\v160\BuildCustomizations\CUDA 10.1.targets(764,9): error MSB3721: The command ""C:\Program Files\NVIDIA GPU Computing Toolkit\CUDA\v10.1\bin\nvcc.exe" -gencode=arch=compute_35,code=\"sm_35,compute_35\" --use-local-env -ccbin "C:\Program Files (x86)\Microsoft Visual Studio\2019\Community\VC\Tools\MSVC\14.22.27905\bin\HostX86\x64" -x cu  -I"C:\Program Files\NVIDIA GPU Computing Toolkit\CUDA\v10.1\include" -I"C:\Program Files\NVIDIA GPU Computing Toolkit\CUDA\v10.1\include"  -G   --keep-dir x64\Debug -maxrregcount=0  --machine 64 --compile -cudart static  -g   -DWIN32 -DWIN64 -D_DEBUG -D_CONSOLE -D_MBCS -Xcompiler "/EHsc /W3 /nologo /Od /Fdx64\Debug\vc142.pdb /FS /Zi /RTC1 /MDd " -o x64\Debug\kernel.cu.obj "C:\Users\jmccon4\source\repos\lab1\lab1\kernel.cu"" exited with code 1.
